                             List of datasets in `testdata` library                            1
                                                               15:53 Thursday, December 17, 2020

                                             m
       l          m                          e                       t
       i          e                          m                       y          c
       b          m                          l                       p          r
       n          n                          a                       e          d          n n
  O    a          a                          b                       m          a          o v
  b    m          m                          e                       e          t          b a
  s    e          e                          l                       m          e          s r

  1 TESTDATA CLASSX      Created from `sashelp.class`               DATA 16DEC20:13:36:25 19 7
  2 TESTDATA CLASSX_LONG Data with multiple rows/events per subject DATA 16DEC20:13:36:25 38 4
                   List of variables in datasets stored in `testdata` library                  2
                                                               15:53 Thursday, December 17, 2020

                                                                                           i
           l           m        m                                                          n
           i           e        e                       l      v                        f  f
           b           m        m                       e      a           l            o  o
           n           n        t        n        t     n   n  r           a            r  r
     O     a           a        y        a        y     g   p  n           b            m  m
     b     m           m        p        m        p     t   o  u           e            a  a
     s     e           e        e        e        e     h   s  m           l            t  t

     1  TESTDATA  CLASSX       DATA  SSID        num    8   0  1  Subject id                
     2  TESTDATA  CLASSX       DATA  NAME        char   8  40  2                            
     3  TESTDATA  CLASSX       DATA  SEX         char   1  48  3                            
     4  TESTDATA  CLASSX       DATA  AGE         num    8   8  4                            
     5  TESTDATA  CLASSX       DATA  HEIGHT      num    8  16  5                            
     6  TESTDATA  CLASSX       DATA  WEIGHT      num    8  24  6                            
     7  TESTDATA  CLASSX       DATA  WEIGHT_KG   num    8  32  7                            
     8  TESTDATA  CLASSX_LONG  DATA  SSID        num    8   0  1  Subject id                
     9  TESTDATA  CLASSX_LONG  DATA  EVENT_NO    num    3  16  2                            
    10  TESTDATA  CLASSX_LONG  DATA  EVENT_NAME  char  20  19  3                            
    11  TESTDATA  CLASSX_LONG  DATA  AGE_LONG    num    8   8  4  Age at a given event      
                   List of variables in datasets stored in `testdata` library                  3
                                                               15:53 Thursday, December 17, 2020

                                      The MEANS Procedure

                                  N
 Variable    Label         N   Miss           Mean        Std Dev        Minimum      25th Pctl
 ƒƒƒƒƒƒƒƒƒƒƒƒƒƒƒƒƒƒƒƒƒƒƒƒƒƒƒƒƒƒƒƒƒƒƒƒƒƒƒƒƒƒƒƒƒƒƒƒƒƒƒƒƒƒƒƒƒƒƒƒƒƒƒƒƒƒƒƒƒƒƒƒƒƒƒƒƒƒƒƒƒƒƒƒƒƒƒƒƒƒƒƒƒƒ
 ssid        Subject id   19      0     10.0000000      5.6273143      1.0000000      5.0000000
 Age                      19      0     13.3157895      1.4926722     11.0000000     12.0000000
 Height                   19      0     62.3368421      5.1270752     51.3000000     57.5000000
 Weight                   19      0    100.0263158     22.7739335     50.5000000     84.0000000
 weight_kg                19      0     45.4119474     10.3393658     22.9270000     38.1360000
 ƒƒƒƒƒƒƒƒƒƒƒƒƒƒƒƒƒƒƒƒƒƒƒƒƒƒƒƒƒƒƒƒƒƒƒƒƒƒƒƒƒƒƒƒƒƒƒƒƒƒƒƒƒƒƒƒƒƒƒƒƒƒƒƒƒƒƒƒƒƒƒƒƒƒƒƒƒƒƒƒƒƒƒƒƒƒƒƒƒƒƒƒƒƒ

             Variable    Label           50th Pctl       75th Pctl         Maximum
             ƒƒƒƒƒƒƒƒƒƒƒƒƒƒƒƒƒƒƒƒƒƒƒƒƒƒƒƒƒƒƒƒƒƒƒƒƒƒƒƒƒƒƒƒƒƒƒƒƒƒƒƒƒƒƒƒƒƒƒƒƒƒƒƒƒƒƒƒƒ
             ssid        Subject id     10.0000000      15.0000000      19.0000000
             Age                        13.0000000      15.0000000      16.0000000
             Height                     62.8000000      66.5000000      72.0000000
             Weight                     99.5000000     112.5000000     150.0000000
             weight_kg                  45.1730000      51.0750000      68.1000000
             ƒƒƒƒƒƒƒƒƒƒƒƒƒƒƒƒƒƒƒƒƒƒƒƒƒƒƒƒƒƒƒƒƒƒƒƒƒƒƒƒƒƒƒƒƒƒƒƒƒƒƒƒƒƒƒƒƒƒƒƒƒƒƒƒƒƒƒƒƒ
                   List of variables in datasets stored in `testdata` library                  4
                                                               15:53 Thursday, December 17, 2020

                                                                                     weight_
    Obs    _TYPE_    _FREQ_    _STAT_      ssid       Age       Height     Weight       kg

     1        0        19       N        19.0000    19.0000    19.0000     19.000    19.0000
     2        0        19       MIN       1.0000    11.0000    51.3000     50.500    22.9270
     3        0        19       MAX      19.0000    16.0000    72.0000    150.000    68.1000
     4        0        19       MEAN     10.0000    13.3158    62.3368    100.026    45.4119
     5        0        19       STD       5.6273     1.4927     5.1271     22.774    10.3394
