                             List of datasets in `testdata` library                            1
                                                               16:35 Thursday, December 17, 2020

                                             m
       l          m                          e                       t
       i          e                          m                       y          c
       b          m                          l                       p          r
       n          n                          a                       e          d          n n
  O    a          a                          b                       m          a          o v
  b    m          m                          e                       e          t          b a
  s    e          e                          l                       m          e          s r

  1 TESTDATA CLASSX      Created from `sashelp.class`               DATA 16DEC20:13:36:25 19 7
  2 TESTDATA CLASSX_LONG Data with multiple rows/events per subject DATA 16DEC20:13:36:25 38 4
                   List of variables in datasets stored in `testdata` library                  2
                                                               16:35 Thursday, December 17, 2020

                                                                                           i
           l           m        m                                                          n
           i           e        e                       l      v                        f  f
           b           m        m                       e      a           l            o  o
           n           n        t        n        t     n   n  r           a            r  r
     O     a           a        y        a        y     g   p  n           b            m  m
     b     m           m        p        m        p     t   o  u           e            a  a
     s     e           e        e        e        e     h   s  m           l            t  t

     1  TESTDATA  CLASSX       DATA  SSID        num    8   0  1  Subject id                
     2  TESTDATA  CLASSX       DATA  NAME        char   8  40  2                            
     3  TESTDATA  CLASSX       DATA  SEX         char   1  48  3                            
     4  TESTDATA  CLASSX       DATA  AGE         num    8   8  4                            
     5  TESTDATA  CLASSX       DATA  HEIGHT      num    8  16  5                            
     6  TESTDATA  CLASSX       DATA  WEIGHT      num    8  24  6                            
     7  TESTDATA  CLASSX       DATA  WEIGHT_KG   num    8  32  7                            
     8  TESTDATA  CLASSX_LONG  DATA  SSID        num    8   0  1  Subject id                
     9  TESTDATA  CLASSX_LONG  DATA  EVENT_NO    num    3  16  2                            
    10  TESTDATA  CLASSX_LONG  DATA  EVENT_NAME  char  20  19  3                            
    11  TESTDATA  CLASSX_LONG  DATA  AGE_LONG    num    8   8  4  Age at a given event      
                   List of variables in datasets stored in `testdata` library                  3
                                                               16:35 Thursday, December 17, 2020

                                      The MEANS Procedure

                                  N
 Variable    Label         N   Miss           Mean        Std Dev        Minimum      25th Pctl
 ƒƒƒƒƒƒƒƒƒƒƒƒƒƒƒƒƒƒƒƒƒƒƒƒƒƒƒƒƒƒƒƒƒƒƒƒƒƒƒƒƒƒƒƒƒƒƒƒƒƒƒƒƒƒƒƒƒƒƒƒƒƒƒƒƒƒƒƒƒƒƒƒƒƒƒƒƒƒƒƒƒƒƒƒƒƒƒƒƒƒƒƒƒƒ
 ssid        Subject id   19      0      10.000000       5.627314       1.000000       5.000000
 Age                      19      0      13.315789       1.492672      11.000000      12.000000
 Height                   19      0      62.336842       5.127075      51.300000      57.500000
 Weight                   19      0     100.026316      22.773933      50.500000      84.000000
 weight_kg                19      0      45.411947      10.339366      22.927000      38.136000
 ƒƒƒƒƒƒƒƒƒƒƒƒƒƒƒƒƒƒƒƒƒƒƒƒƒƒƒƒƒƒƒƒƒƒƒƒƒƒƒƒƒƒƒƒƒƒƒƒƒƒƒƒƒƒƒƒƒƒƒƒƒƒƒƒƒƒƒƒƒƒƒƒƒƒƒƒƒƒƒƒƒƒƒƒƒƒƒƒƒƒƒƒƒƒ

             Variable    Label           50th Pctl       75th Pctl         Maximum
             ƒƒƒƒƒƒƒƒƒƒƒƒƒƒƒƒƒƒƒƒƒƒƒƒƒƒƒƒƒƒƒƒƒƒƒƒƒƒƒƒƒƒƒƒƒƒƒƒƒƒƒƒƒƒƒƒƒƒƒƒƒƒƒƒƒƒƒƒƒ
             ssid        Subject id      10.000000       15.000000       19.000000
             Age                         13.000000       15.000000       16.000000
             Height                      62.800000       66.500000       72.000000
             Weight                      99.500000      112.500000      150.000000
             weight_kg                   45.173000       51.075000       68.100000
             ƒƒƒƒƒƒƒƒƒƒƒƒƒƒƒƒƒƒƒƒƒƒƒƒƒƒƒƒƒƒƒƒƒƒƒƒƒƒƒƒƒƒƒƒƒƒƒƒƒƒƒƒƒƒƒƒƒƒƒƒƒƒƒƒƒƒƒƒƒ
                   List of variables in datasets stored in `testdata` library                  4
                                                               16:35 Thursday, December 17, 2020

                                     The CONTENTS Procedure

          Data Set Name        WORK.OUT                      Observations          5 
          Member Type          DATA                          Variables             8 
          Engine               V9                            Indexes               0 
          Created              12/17/2020 16:35:49           Observation Length    64
          Last Modified        12/17/2020 16:35:49           Deleted Observations  0 
          Protection                                         Compressed            NO
          Data Set Type        SUMMARY                       Sorted                NO
          Label                SUMMARY STATISTICS                                    
          Data Representation  WINDOWS_64                                            
          Encoding             wlatin1  Western (Windows)                            


                               Engine/Host Dependent Information

Data Set Page Size          65536                                                               
Number of Data Set Pages    1                                                                   
First Data Page             1                                                                   
Max Obs per Page            1021                                                                
Obs in First Data Page      5                                                                   
Number of Data Set Repairs  0                                                                   
ExtendObsCounter            YES                                                                 
Filename                    C:\Users\agalecki\AppData\Local\Temp\SAS Temporary                  
                            Files\_TD10512_WSGER022_\out.sas7bdat                               
Release Created             9.0401M4                                                            
Host Created                X64_10PRO                                                           
Owner Name                  UMHS\agalecki                                                       
File Size                   128KB                                                               
File Size (bytes)           131072                                                              


                          Alphabetic List of Variables and Attributes
 
                          #    Variable     Type    Len    Label

                          5    Age          Num       8              
                          6    Height       Num       8              
                          7    Weight       Num       8              
                          2    _FREQ_       Num       8              
                          3    _STAT_       Char      8              
                          1    _TYPE_       Num       8              
                          4    ssid         Num       8    Subject id
                          8    weight_kg    Num       8              


                                  Variables in Creation Order
 
                          #    Variable     Type    Len    Label

                          1    _TYPE_       Num       8              
                          2    _FREQ_       Num       8              
                          3    _STAT_       Char      8              
                          4    ssid         Num       8    Subject id
                          5    Age          Num       8              
                          6    Height       Num       8              
                          7    Weight       Num       8              
                          8    weight_kg    Num       8              
                   List of variables in datasets stored in `testdata` library                  5
                                                               16:35 Thursday, December 17, 2020

                                                                                     weight_
    Obs    _TYPE_    _FREQ_    _STAT_      ssid       Age       Height     Weight       kg

     1        0        19       N        19.0000    19.0000    19.0000     19.000    19.0000
     2        0        19       MIN       1.0000    11.0000    51.3000     50.500    22.9270
     3        0        19       MAX      19.0000    16.0000    72.0000    150.000    68.1000
     4        0        19       MEAN     10.0000    13.3158    62.3368    100.026    45.4119
     5        0        19       STD       5.6273     1.4927     5.1271     22.774    10.3394
